Total users	2128
Usernames matching format (7-10 integers)	2090
Usernames NOT matching format (7-10 integers)	36
Usernames NOT containing digits	16

Usernames to fix	19
v15835059	 -> 	15835059
v. 15.429.620	 -> 	15429620
21.098.122	 -> 	21098122
cedula 27584028	 -> 	27584028
25.135.057	 -> 	25135057
21.175.574	 -> 	21175574
00005222001	 -> 	00005222001
28.573.645	 -> 	28573645
19.771.943	 -> 	19771943
cedula 25470698	 -> 	25470698
21.759.429	 -> 	21759429
15.429.620	 -> 	15429620
cedula 21.098.122	 -> 	21098122
CI20106150	 -> 	20106150
235539	 -> 	235539
22.608.618	 -> 	22608618
v-26253592	 -> 	26253592
v-24828502	 -> 	24828502
v-25250488	 -> 	25250488

Usernames NOT unique (proper id, count)
21098122	3
25470698	2
22608618	2
25135057	2
27584028	2
20106150	2
21175574	2
19771943	2
15835059	2
28573645	2
24828502	2
26253592	2
25250488	2
21759429	2
15429620	2

Usernames NOT unique (uid, proper id)
132	15429620
623	15429620
58	15835059
1202	15835059
262	19771943
432	19771943
725	20106150
733	20106150
95	21098122
191	21098122
634	21098122
255	21175574
766	21175574
348	21759429
615	21759429
1912	22608618
1911	22608618
2087	24828502
1576	24828502
171	25135057
206	25135057
2089	25250488
1578	25250488
145	25470698
441	25470698
1577	26253592
2084	26253592
194	27584028
174	27584028
384	28573645
64	28573645
